[15:10:26] [main/INFO] (FabricLoader/GameProvider) Loading Minecraft 1.21.4 with Fabric Loader 0.16.10
[15:10:26] [main/INFO] (FabricLoader) Loading 55 mods:
	- fabric-api 0.114.3+1.21.4
	- fabric-api-base 0.4.54+b47eab6b04
	- fabric-api-lookup-api-v1 1.6.86+b1caf1e904
	- fabric-biome-api-v1 15.0.6+b1c29d8e04
	- fabric-block-api-v1 1.0.31+7feeb73304
	- fabric-block-view-api-v2 1.0.19+7feeb73304
	- fabric-blockrenderlayer-v1 2.0.8+7feeb73304
	- fabric-client-gametest-api-v1 3.1.0+20da279604
	- fabric-client-tags-api-v1 1.1.29+20ea1e2304
	- fabric-command-api-v1 1.2.62+f71b366f04
	- fabric-command-api-v2 2.2.41+e496eb1504
	- fabric-commands-v0 0.2.79+df3654b304
	- fabric-content-registries-v0 9.1.15+7feeb73304
	- fabric-convention-tags-v1 2.1.13+7f945d5b04
	- fabric-convention-tags-v2 2.11.0+dfeded7d04
	- fabric-crash-report-info-v1 0.3.6+7feeb73304
	- fabric-data-attachment-api-v1 1.5.0+314f4e4504
	- fabric-data-generation-api-v1 22.2.7+20ea1e2304
	- fabric-dimensions-v1 4.0.10+7feeb73304
	- fabric-entity-events-v1 2.0.12+60fccc7604
	- fabric-events-interaction-v0 4.0.3+a4eebcf004
	- fabric-game-rule-api-v1 1.0.63+7d48d43904
	- fabric-gametest-api-v1 2.0.22+7feeb73304
	- fabric-item-api-v1 11.1.15+203e6b2304
	- fabric-item-group-api-v1 4.1.24+7d48d43904
	- fabric-key-binding-api-v1 1.0.57+7d48d43904
	- fabric-keybindings-v0 0.2.55+df3654b304
	- fabric-lifecycle-events-v1 2.5.4+bf2a60eb04
	- fabric-loot-api-v2 3.0.34+3f89f5a504
	- fabric-loot-api-v3 1.0.22+203e6b2304
	- fabric-message-api-v1 6.0.25+7feeb73304
	- fabric-model-loading-api-v1 4.2.1+8041d50704
	- fabric-networking-api-v1 4.3.10+8998135104
	- fabric-object-builder-api-v1 18.0.9+7d48d43904
	- fabric-particles-v1 4.0.14+7feeb73304
	- fabric-recipe-api-v1 8.0.9+160b66fa04
	- fabric-registry-sync-v0 6.1.5+625daf4704
	- fabric-renderer-api-v1 5.0.3+50f0feb204
	- fabric-renderer-indigo 2.0.3+50f0feb204
	- fabric-rendering-data-attachment-v1 0.3.57+73761d2e04
	- fabric-rendering-fluids-v1 3.1.19+7feeb73304
	- fabric-rendering-v1 10.1.2+b874120c04
	- fabric-resource-conditions-api-v1 5.0.13+203e6b2304
	- fabric-resource-loader-v0 3.0.12+7d48d43904
	- fabric-screen-api-v1 2.0.38+7feeb73304
	- fabric-screen-handler-api-v1 1.3.112+7feeb73304
	- fabric-sound-api-v1 1.0.32+7feeb73304
	- fabric-tag-api-v1 1.0.3+7d48d43904
	- fabric-transfer-api-v1 5.4.9+efa825c904
	- fabric-transitive-access-wideners-v1 6.3.2+56e78b9b04
	- fabricloader 0.16.10
	- java 21
	- minecraft 1.21.4
	- mixinextras 0.4.1
	- nosleepmod 1.0-SNAPSHOT
[15:10:26] [main/INFO] (FabricLoader/Mixin) SpongePowered MIXIN Subsystem Version=0.8.7 Source=file:/home/zaiden/.gradle/caches/modules-2/files-2.1/net.fabricmc/sponge-mixin/0.15.4+mixin.0.8.7/6a12aacc794f1078458433116e9ed42c1cc98096/sponge-mixin-0.15.4+mixin.0.8.7.jar Service=Knot/Fabric Env=CLIENT
[15:10:26] [main/INFO] (FabricLoader/Mixin) Loaded Fabric development mappings for mixin remapper!
[15:10:26] [main/INFO] (FabricLoader/Mixin) Compatibility level set to JAVA_21
[15:10:27] [main/INFO] (FabricLoader/MixinExtras|Service) Initializing MixinExtras via com.llamalad7.mixinextras.service.MixinExtrasServiceImpl(version=0.4.1).
[15:10:28] [Datafixer Bootstrap/INFO] (Minecraft) 243 Datafixer optimizations took 181 milliseconds
[15:10:31] [Render thread/INFO] (Minecraft) Environment: Environment[sessionHost=https://sessionserver.mojang.com, servicesHost=https://api.minecraftservices.com, name=PROD]
[15:10:31] [Render thread/INFO] (Minecraft) Setting user: Player354
[15:10:31] [Render thread/INFO] (nosleepmod) Z <3 A = )
[15:10:31] [Render thread/INFO] (Indigo) [Indigo] Registering Indigo renderer!
[15:10:31] [Render thread/INFO] (Minecraft) Backend library: LWJGL version 3.3.3-snapshot
[15:10:32] [Render thread/INFO] (Minecraft) Reloading ResourceManager: vanilla, fabric, fabric-api, fabric-api-base, fabric-api-lookup-api-v1, fabric-biome-api-v1, fabric-block-api-v1, fabric-block-view-api-v2, fabric-blockrenderlayer-v1, fabric-client-gametest-api-v1, fabric-client-tags-api-v1, fabric-command-api-v1, fabric-command-api-v2, fabric-commands-v0, fabric-content-registries-v0, fabric-convention-tags-v1, fabric-convention-tags-v2, fabric-crash-report-info-v1, fabric-data-attachment-api-v1, fabric-data-generation-api-v1, fabric-dimensions-v1, fabric-entity-events-v1, fabric-events-interaction-v0, fabric-game-rule-api-v1, fabric-gametest-api-v1, fabric-item-api-v1, fabric-item-group-api-v1, fabric-key-binding-api-v1, fabric-keybindings-v0, fabric-lifecycle-events-v1, fabric-loot-api-v2, fabric-loot-api-v3, fabric-message-api-v1, fabric-model-loading-api-v1, fabric-networking-api-v1, fabric-object-builder-api-v1, fabric-particles-v1, fabric-recipe-api-v1, fabric-registry-sync-v0, fabric-renderer-api-v1, fabric-renderer-indigo, fabric-rendering-data-attachment-v1, fabric-rendering-fluids-v1, fabric-rendering-v1, fabric-resource-conditions-api-v1, fabric-resource-loader-v0, fabric-screen-api-v1, fabric-screen-handler-api-v1, fabric-sound-api-v1, fabric-tag-api-v1, fabric-transfer-api-v1, fabric-transitive-access-wideners-v1, fabricloader
[15:10:32] [Worker-Main-1/INFO] (Minecraft) Found unifont_all_no_pua-16.0.01.hex, loading
[15:10:32] [Worker-Main-14/INFO] (Minecraft) Found unifont_jp_patch-16.0.01.hex, loading
[15:10:33] [Render thread/INFO] (Minecraft) OpenAL initialized on device Steinberg UR12  Analog Stereo
[15:10:33] [Render thread/INFO] (Minecraft) Sound engine started
[15:10:33] [Render thread/INFO] (Minecraft) Created: 1024x512x4 minecraft:textures/atlas/blocks.png-atlas
[15:10:33] [Render thread/INFO] (Minecraft) Created: 256x256x4 minecraft:textures/atlas/signs.png-atlas
[15:10:33] [Render thread/INFO] (Minecraft) Created: 512x512x4 minecraft:textures/atlas/banner_patterns.png-atlas
[15:10:33] [Render thread/INFO] (Minecraft) Created: 512x512x4 minecraft:textures/atlas/shield_patterns.png-atlas
[15:10:33] [Render thread/INFO] (Minecraft) Created: 2048x1024x4 minecraft:textures/atlas/armor_trims.png-atlas
[15:10:33] [Render thread/INFO] (Minecraft) Created: 128x64x4 minecraft:textures/atlas/decorated_pot.png-atlas
[15:10:33] [Render thread/INFO] (Minecraft) Created: 256x256x4 minecraft:textures/atlas/chest.png-atlas
[15:10:33] [Render thread/INFO] (Minecraft) Created: 512x256x4 minecraft:textures/atlas/beds.png-atlas
[15:10:33] [Render thread/INFO] (Minecraft) Created: 512x256x4 minecraft:textures/atlas/shulker_boxes.png-atlas
[15:10:33] [Render thread/INFO] (Minecraft) Created: 64x64x0 minecraft:textures/atlas/map_decorations.png-atlas
[15:10:33] [Render thread/INFO] (Minecraft) Created: 512x256x0 minecraft:textures/atlas/particles.png-atlas
[15:10:33] [Render thread/INFO] (Minecraft) Created: 512x256x0 minecraft:textures/atlas/paintings.png-atlas
[15:10:33] [Render thread/INFO] (Minecraft) Created: 256x128x0 minecraft:textures/atlas/mob_effects.png-atlas
[15:10:33] [Render thread/INFO] (Minecraft) Created: 1024x512x0 minecraft:textures/atlas/gui.png-atlas
[15:10:39] [Render thread/INFO] (Minecraft) Loaded 1370 recipes
[15:10:39] [Render thread/INFO] (Minecraft) Loaded 1481 advancements
[15:10:43] [Render thread/INFO] (BiomeModificationImpl) Applied 0 biome modifications to 0 of 65 new biomes in 857.7 μs
[15:10:43] [Server thread/INFO] (Minecraft) Starting integrated minecraft server version 1.21.4
[15:10:43] [Server thread/INFO] (Minecraft) Generating keypair
[15:10:45] [Server thread/INFO] (Minecraft) Preparing start region for dimension minecraft:overworld
[15:10:45] [Render thread/INFO] (Minecraft) Preparing spawn area: 2%
[15:10:45] [Render thread/INFO] (Minecraft) Preparing spawn area: 2%
[15:10:46] [Render thread/INFO] (Minecraft) Preparing spawn area: 18%
[15:10:46] [Render thread/INFO] (Minecraft) Preparing spawn area: 51%
[15:10:46] [Render thread/INFO] (Minecraft) Time elapsed: 1609 ms
[15:10:46] [Server thread/INFO] (Minecraft) Changing view distance to 12, from 10
[15:10:46] [Server thread/INFO] (Minecraft) Changing simulation distance to 12, from 0
[15:10:47] [Server thread/INFO] (Minecraft) Player354[local:E:97a74da8] logged in with entity id 13 at (-9.5, 68.0, -39.5)
[15:10:47] [Server thread/INFO] (Minecraft) Player354 joined the game
[15:10:47] [Render thread/INFO] (Minecraft) Loaded 2 advancements
[15:11:03] [Server thread/INFO] (Minecraft) [Player354: Set the time to 13000]
[15:11:03] [Render thread/INFO] (Minecraft) [System] [CHAT] Set the time to 13000
[15:11:08] [Server thread/INFO] (Minecraft) [Player354: Set the time to 13191]
[15:11:08] [Render thread/INFO] (Minecraft) [System] [CHAT] Set the time to 13191
[15:11:09] [Server thread/INFO] (Minecraft) [Player354: Set the time to 13303]
[15:11:09] [Render thread/INFO] (Minecraft) [System] [CHAT] Set the time to 13303
[15:11:09] [Server thread/INFO] (Minecraft) [Player354: Set the time to 13410]
[15:11:09] [Render thread/INFO] (Minecraft) [System] [CHAT] Set the time to 13410
[15:11:09] [Server thread/INFO] (Minecraft) [Player354: Set the time to 13516]
[15:11:09] [Render thread/INFO] (Minecraft) [System] [CHAT] Set the time to 13516
[15:11:09] [Server thread/INFO] (Minecraft) [Player354: Set the time to 13620]
[15:11:09] [Render thread/INFO] (Minecraft) [System] [CHAT] Set the time to 13620
[15:11:10] [Server thread/INFO] (Minecraft) [Player354: Set the time to 13725]
[15:11:10] [Render thread/INFO] (Minecraft) [System] [CHAT] Set the time to 13725
[15:11:10] [Server thread/INFO] (Minecraft) [Player354: Set the time to 13830]
[15:11:10] [Render thread/INFO] (Minecraft) [System] [CHAT] Set the time to 13830
[15:11:10] [Server thread/INFO] (Minecraft) [Player354: Set the time to 13934]
[15:11:10] [Render thread/INFO] (Minecraft) [System] [CHAT] Set the time to 13934
[15:11:10] [Server thread/INFO] (Minecraft) [Player354: Set the time to 14038]
[15:11:10] [Render thread/INFO] (Minecraft) [System] [CHAT] Set the time to 14038
[15:11:11] [Server thread/INFO] (Minecraft) [Player354: Set the time to 14143]
[15:11:11] [Render thread/INFO] (Minecraft) [System] [CHAT] Set the time to 14143
[15:11:12] [Render thread/INFO] (Minecraft) [System] [CHAT] Respawn point set
[15:11:30] [Server thread/INFO] (Minecraft) Saving and pausing game...
[15:11:30] [Server thread/INFO] (Minecraft) Saving chunks for level 'ServerLevel[Allie]'/minecraft:overworld
[15:11:30] [Server thread/INFO] (Minecraft) Saving chunks for level 'ServerLevel[Allie]'/minecraft:the_end
[15:11:30] [Server thread/INFO] (Minecraft) Saving chunks for level 'ServerLevel[Allie]'/minecraft:the_nether
[15:11:31] [Render thread/INFO] (Minecraft) Stopping!
[15:11:31] [Sound engine/ERROR] (Minecraft) Stop: Invalid name parameter.
[15:11:31] [Server thread/INFO] (Minecraft) Player354 lost connection: Disconnected
[15:11:31] [Server thread/INFO] (Minecraft) Player354 left the game
[15:11:31] [Server thread/INFO] (Minecraft) Stopping singleplayer server as player logged out
[15:11:31] [Server thread/INFO] (Minecraft) Stopping server
[15:11:31] [Server thread/INFO] (Minecraft) Saving players
[15:11:31] [Server thread/INFO] (Minecraft) Saving worlds
[15:11:31] [Server thread/INFO] (Minecraft) Saving chunks for level 'ServerLevel[Allie]'/minecraft:overworld
[15:11:32] [Server thread/INFO] (Minecraft) Saving chunks for level 'ServerLevel[Allie]'/minecraft:the_end
[15:11:32] [Server thread/INFO] (Minecraft) Saving chunks for level 'ServerLevel[Allie]'/minecraft:the_nether
[15:11:32] [Server thread/INFO] (Minecraft) ThreadedAnvilChunkStorage (Allie): All chunks are saved
[15:11:32] [Server thread/INFO] (Minecraft) ThreadedAnvilChunkStorage (DIM1): All chunks are saved
[15:11:32] [Server thread/INFO] (Minecraft) ThreadedAnvilChunkStorage (DIM-1): All chunks are saved
[15:11:32] [Server thread/INFO] (Minecraft) ThreadedAnvilChunkStorage: All dimensions are saved
